<?xml version="1.0" encoding="UTF-8"?>
<testsuites>
  <testsuite name="Math Tests" tests="3" failures="1" time="0.25">
    <testcase name="test_add" classname="Math Tests" time="0.05"/>
    <testcase name="test_subtract" classname="Math Tests" time="0.03"/>
    <testcase name="test_multiply" classname="Math Tests" time="0.17">
      <failure message="Expected 12 but got 11">AssertionError: Expected 12 but got 11
  at MathTest.test_multiply(MathTest.java:25)</failure>
    </testcase>
</testsuites>